2025-01-06 01:51:02,476 INFO: Password reset system startup [in c:\Users\lzz20\OneDrive\Desktop\Motorsports_2\app.py:68]
2025-01-06 01:51:03,205 INFO: Password reset system startup [in c:\Users\lzz20\OneDrive\Desktop\Motorsports_2\app.py:68]
2025-01-06 01:53:02,477 INFO: Password reset system startup [in c:\Users\lzz20\OneDrive\Desktop\Motorsports_2\app.py:68]
2025-01-06 01:53:49,482 INFO: Password reset system startup [in c:\Users\lzz20\OneDrive\Desktop\Motorsports_2\app.py:68]
2025-01-06 01:56:38,903 INFO: Password reset system startup [in c:\Users\lzz20\OneDrive\Desktop\Motorsports_2\app.py:68]
2025-01-06 01:56:42,093 INFO: Password reset system startup [in c:\Users\lzz20\OneDrive\Desktop\Motorsports_2\app.py:68]
2025-01-06 01:58:45,845 INFO: Password reset system startup [in c:\Users\lzz20\OneDrive\Desktop\Motorsports_2\app.py:68]
2025-01-06 01:59:55,178 INFO: Password reset system startup [in c:\Users\lzz20\OneDrive\Desktop\Motorsports_2\app.py:68]
2025-01-06 02:00:02,174 INFO: Password reset system startup [in c:\Users\lzz20\OneDrive\Desktop\Motorsports_2\app.py:68]
2025-01-06 02:00:08,058 INFO: Password reset system startup [in c:\Users\lzz20\OneDrive\Desktop\Motorsports_2\app.py:68]
2025-01-06 02:00:12,668 INFO: Password reset system startup [in c:\Users\lzz20\OneDrive\Desktop\Motorsports_2\app.py:68]
2025-01-06 02:01:20,599 INFO: Password reset system startup [in c:\Users\lzz20\OneDrive\Desktop\Motorsports_2\app.py:68]
2025-01-06 02:01:21,893 INFO: Password reset system startup [in c:\Users\lzz20\OneDrive\Desktop\Motorsports_2\app.py:68]
2025-01-06 02:02:29,054 INFO: Password reset system startup [in c:\Users\lzz20\OneDrive\Desktop\Motorsports_2\app.py:68]
2025-01-06 02:02:32,939 INFO: Password reset system startup [in c:\Users\lzz20\OneDrive\Desktop\Motorsports_2\app.py:68]
2025-01-06 02:02:37,530 INFO: Approval notification sent to lzz20051017@gmail.com [in c:\Users\lzz20\OneDrive\Desktop\Motorsports_2\app.py:96]
2025-01-06 02:02:47,099 INFO: Approval notification sent to lzz20051017@gmail.com [in c:\Users\lzz20\OneDrive\Desktop\Motorsports_2\app.py:96]
2025-01-06 02:04:08,415 INFO: Password reset system startup [in c:\Users\lzz20\OneDrive\Desktop\Motorsports_2\app.py:68]
2025-01-06 02:06:41,848 INFO: Password reset system startup [in c:\Users\lzz20\OneDrive\Desktop\Motorsports_2\app.py:68]
2025-01-06 02:06:45,648 INFO: Password reset system startup [in c:\Users\lzz20\OneDrive\Desktop\Motorsports_2\app.py:68]
2025-01-06 02:08:44,483 INFO: Password reset system startup [in c:\Users\lzz20\OneDrive\Desktop\Motorsports_2\app.py:68]
2025-01-06 02:08:45,637 INFO: Password reset system startup [in c:\Users\lzz20\OneDrive\Desktop\Motorsports_2\app.py:68]
2025-01-06 02:09:06,694 INFO: Approval notification sent to lzz20051017@gmail.com [in c:\Users\lzz20\OneDrive\Desktop\Motorsports_2\app.py:96]
2025-01-06 02:09:23,723 INFO: Executive approval notification sent to zhizhen.luo07@gmail.com [in c:\Users\lzz20\OneDrive\Desktop\Motorsports_2\app.py:160]
2025-01-06 02:13:19,482 INFO: Password reset system startup [in c:\Users\lzz20\OneDrive\Desktop\Motorsports_2\app.py:68]
2025-01-06 02:14:48,673 INFO: Password reset system startup [in c:\Users\lzz20\OneDrive\Desktop\Motorsports_2\app.py:68]
2025-01-06 02:20:28,140 INFO: Approval notification sent to lzz20051017@gmail.com [in c:\Users\lzz20\OneDrive\Desktop\Motorsports_2\app.py:96]
2025-01-06 02:20:29,378 INFO: Approval notification sent to lzz20051017@gmail.com [in c:\Users\lzz20\OneDrive\Desktop\Motorsports_2\app.py:96]
2025-01-06 02:20:38,679 INFO: Executive approval notification sent to zhizhen.luo07@gmail.com [in c:\Users\lzz20\OneDrive\Desktop\Motorsports_2\app.py:160]
2025-01-06 02:20:49,277 INFO: Executive approval notification sent to zhizhen.luo07@gmail.com [in c:\Users\lzz20\OneDrive\Desktop\Motorsports_2\app.py:160]
2025-01-06 02:21:25,521 INFO: Executive approval notification sent to zhizhen.luo07@gmail.com [in c:\Users\lzz20\OneDrive\Desktop\Motorsports_2\app.py:160]
2025-01-06 02:23:44,347 INFO: Executive approval notification sent to zhizhen.luo07@gmail.com [in c:\Users\lzz20\OneDrive\Desktop\Motorsports_2\app.py:160]
2025-01-06 02:23:46,699 INFO: Executive approval notification sent to zhizhen.luo07@gmail.com [in c:\Users\lzz20\OneDrive\Desktop\Motorsports_2\app.py:160]
2025-01-06 02:27:35,219 INFO: Password reset system startup [in c:\Users\lzz20\OneDrive\Desktop\Motorsports_2\app.py:68]
2025-01-06 02:27:55,082 INFO: Password reset system startup [in c:\Users\lzz20\OneDrive\Desktop\Motorsports_2\app.py:68]
2025-01-06 02:34:09,587 INFO: Password reset system startup [in c:\Users\lzz20\OneDrive\Desktop\Motorsports_2\app.py:68]
2025-01-06 02:34:10,333 INFO: Password reset system startup [in c:\Users\lzz20\OneDrive\Desktop\Motorsports_2\app.py:68]
2025-01-06 02:36:12,930 INFO: Password reset system startup [in c:\Users\lzz20\OneDrive\Desktop\Motorsports_2\app.py:68]
2025-01-06 02:39:17,969 INFO: Password reset system startup [in c:\Users\lzz20\OneDrive\Desktop\Motorsports_2\app.py:68]
2025-01-06 02:39:24,988 INFO: Password reset system startup [in c:\Users\lzz20\OneDrive\Desktop\Motorsports_2\app.py:68]
2025-01-06 02:39:45,422 INFO: Password reset system startup [in c:\Users\lzz20\OneDrive\Desktop\Motorsports_2\app.py:68]
2025-01-06 02:40:39,724 INFO: Password reset system startup [in c:\Users\lzz20\OneDrive\Desktop\Motorsports_2\app.py:68]
2025-01-06 02:41:30,397 INFO: Password reset system startup [in C:\Users\lzz20\OneDrive\Desktop\Motorsports_2\app.py:72]
2025-01-06 02:41:31,531 INFO: Password reset system startup [in C:\Users\lzz20\OneDrive\Desktop\Motorsports_2\app.py:72]
2025-01-06 02:41:32,728 INFO: Password reset system startup [in C:\Users\lzz20\OneDrive\Desktop\Motorsports_2\app.py:72]
2025-01-06 02:41:43,904 INFO: Password reset system startup [in c:\Users\lzz20\OneDrive\Desktop\Motorsports_2\app.py:72]
2025-01-06 02:42:53,196 INFO: Password reset system startup [in c:\Users\lzz20\OneDrive\Desktop\Motorsports_2\app.py:72]
2025-01-06 02:42:54,493 INFO: Password reset system startup [in c:\Users\lzz20\OneDrive\Desktop\Motorsports_2\app.py:72]
2025-01-06 02:44:20,289 INFO: Password reset system startup [in c:\Users\lzz20\OneDrive\Desktop\Motorsports_2\app.py:72]
2025-01-06 02:44:41,295 INFO: Executive approval notification sent to cttewari@mit.edu [in c:\Users\lzz20\OneDrive\Desktop\Motorsports_2\app.py:164]
2025-01-06 02:45:01,634 INFO: Executive approval notification sent to zhizhen.luo07@gmail.com [in c:\Users\lzz20\OneDrive\Desktop\Motorsports_2\app.py:164]
2025-01-06 02:47:09,867 INFO: Executive approval notification sent to zhizhen.luo07@gmail.com [in c:\Users\lzz20\OneDrive\Desktop\Motorsports_2\app.py:164]
2025-01-06 02:57:48,970 INFO: Approval notification sent to lzz20051017@gmail.com [in c:\Users\lzz20\OneDrive\Desktop\Motorsports_2\app.py:100]
2025-01-06 02:57:54,625 INFO: Password reset system startup [in c:\Users\lzz20\OneDrive\Desktop\Motorsports_2\app.py:72]
2025-01-06 02:58:16,994 INFO: Password reset system startup [in c:\Users\lzz20\OneDrive\Desktop\Motorsports_2\app.py:72]
2025-01-06 02:58:59,354 INFO: Approval notification sent to lzz20051017@gmail.com [in c:\Users\lzz20\OneDrive\Desktop\Motorsports_2\app.py:100]
2025-01-06 03:01:18,245 INFO: Password reset system startup [in c:\Users\lzz20\OneDrive\Desktop\Motorsports_2\app.py:72]
